#
# There is insufficient memory for the Java Runtime Environment to continue.
# Native memory allocation (malloc) failed to allocate 281424 bytes for Chunk::new
# Possible reasons:
#   The system is out of physical RAM or swap space
#   The process is running with CompressedOops enabled, and the Java Heap may be blocking the growth of the native heap
# Possible solutions:
#   Reduce memory load on the system
#   Increase physical memory or swap space
#   Check if swap backing store is full
#   Decrease Java heap size (-Xmx/-Xms)
#   Decrease number of Java threads
#   Decrease Java thread stack sizes (-Xss)
#   Set larger code cache with -XX:ReservedCodeCacheSize=
#   JVM is running with Unscaled Compressed Oops mode in which the Java heap is
#     placed in the first 4GB address space. The Java Heap base address is the
#     maximum limit for the native heap growth. Please use -XX:HeapBaseMinAddress
#     to set the Java Heap base and to place the Java Heap above 4GB virtual address.
# This output file may be truncated or incomplete.
#
#  Out of Memory Error (t:/workspace/open/src/hotspot/share/memory/arena.cpp:196), pid=2912, tid=7872
#
# JRE version: Java(TM) SE Runtime Environment (13.0.2+8) (build 13.0.2+8)
# Java VM: Java HotSpot(TM) 64-Bit Server VM (13.0.2+8, mixed mode, sharing, tiered, compressed oops, g1 gc, windows-amd64)
# No core dump will be written. Minidumps are not enabled by default on client versions of Windows
#

---------------  S U M M A R Y ------------

Command Line: -javaagent:C:\Program Files\JetBrains\IntelliJ IDEA Community Edition 2019.3.4\lib\idea_rt.jar=57279:C:\Program Files\JetBrains\IntelliJ IDEA Community Edition 2019.3.4\bin -Dfile.encoding=UTF-8 main.Main

Host: Intel(R) Core(TM) i5-2540M CPU @ 2.60GHz, 4 cores, 7G,  Windows 10 , 64 bit Build 18362 (10.0.18362.329)
Time: Sat May  2 12:39:58 2020 GTB Daylight Time elapsed time: 1 seconds (0d 0h 0m 1s)

---------------  T H R E A D  ---------------

Current thread (0x000001d07f346800):  JavaThread "C2 CompilerThread0" daemon [_thread_in_native, id=7872, stack(0x000000cf15300000,0x000000cf15400000)]


Current CompileTask:
C2:   1318  719       4       java.util.Properties::loadConvert (544 bytes)

Stack: [0x000000cf15300000,0x000000cf15400000]
Native frames: (J=compiled Java code, j=interpreted, Vv=VM code, C=native code)
V  [jvm.dll+0x624f9a]
V  [jvm.dll+0x770cfa]
V  [jvm.dll+0x7724af]
V  [jvm.dll+0x772ab3]
V  [jvm.dll+0x24bf08]
V  [jvm.dll+0xc1e47]
V  [jvm.dll+0xc23cc]
V  [jvm.dll+0x35c0c5]
V  [jvm.dll+0x327803]
V  [jvm.dll+0x326bda]
V  [jvm.dll+0x205c27]
V  [jvm.dll+0x204e3f]
V  [jvm.dll+0x189c2c]
V  [jvm.dll+0x213e6d]
V  [jvm.dll+0x2120bb]
V  [jvm.dll+0x736bb6]
V  [jvm.dll+0x72fcaa]
V  [jvm.dll+0x623ea6]
C  [ucrtbase.dll+0x20e72]
C  [KERNEL32.DLL+0x17bd4]
C  [ntdll.dll+0x6ced1]


---------------  P R O C E S S  ---------------

Threads class SMR info:
_java_thread_list=0x000001d00f6d17d0, length=16, elements={
0x000001d06fcac000, 0x000001d07f328000, 0x000001d07f32b000, 0x000001d07f343000,
0x000001d07f345000, 0x000001d07f346800, 0x000001d07f347800, 0x000001d00f029000,
0x000001d07f30d000, 0x000001d00f18a800, 0x000001d00f18b000, 0x000001d00f412800,
0x000001d00f3f8800, 0x000001d00f3fe800, 0x000001d00f7a9800, 0x000001d00f74a800
}

Java Threads: ( => current thread )
  0x000001d06fcac000 JavaThread "main" [_thread_in_Java, id=6248, stack(0x000000cf14800000,0x000000cf14900000)]
  0x000001d07f328000 JavaThread "Reference Handler" daemon [_thread_blocked, id=2068, stack(0x000000cf14f00000,0x000000cf15000000)]
  0x000001d07f32b000 JavaThread "Finalizer" daemon [_thread_blocked, id=9900, stack(0x000000cf15000000,0x000000cf15100000)]
  0x000001d07f343000 JavaThread "Signal Dispatcher" daemon [_thread_blocked, id=3580, stack(0x000000cf15100000,0x000000cf15200000)]
  0x000001d07f345000 JavaThread "Attach Listener" daemon [_thread_blocked, id=612, stack(0x000000cf15200000,0x000000cf15300000)]
=>0x000001d07f346800 JavaThread "C2 CompilerThread0" daemon [_thread_in_native, id=7872, stack(0x000000cf15300000,0x000000cf15400000)]
  0x000001d07f347800 JavaThread "C1 CompilerThread0" daemon [_thread_in_native, id=10588, stack(0x000000cf15400000,0x000000cf15500000)]
  0x000001d00f029000 JavaThread "Sweeper thread" daemon [_thread_blocked, id=10700, stack(0x000000cf15500000,0x000000cf15600000)]
  0x000001d07f30d000 JavaThread "Common-Cleaner" daemon [_thread_blocked, id=4424, stack(0x000000cf15600000,0x000000cf15700000)]
  0x000001d00f18a800 JavaThread "Monitor Ctrl-Break" daemon [_thread_in_native, id=7700, stack(0x000000cf15700000,0x000000cf15800000)]
  0x000001d00f18b000 JavaThread "Service Thread" daemon [_thread_blocked, id=7072, stack(0x000000cf15800000,0x000000cf15900000)]
  0x000001d00f412800 JavaThread "Java2D Disposer" daemon [_thread_blocked, id=11620, stack(0x000000cf15a00000,0x000000cf15b00000)]
  0x000001d00f3f8800 JavaThread "AWT-Shutdown" [_thread_blocked, id=9560, stack(0x000000cf15b00000,0x000000cf15c00000)]
  0x000001d00f3fe800 JavaThread "AWT-Windows" daemon [_thread_in_native, id=11748, stack(0x000000cf15c00000,0x000000cf15d00000)]
  0x000001d00f7a9800 JavaThread "AWT-EventQueue-0" [_thread_blocked, id=3168, stack(0x000000cf15e10000,0x000000cf15f10000)]
  0x000001d00f74a800 JavaThread "mysql-cj-abandoned-connection-cleanup" daemon [_thread_blocked, id=8784, stack(0x000000cf15f10000,0x000000cf16010000)]

Other Threads:
  0x000001d07f324000 VMThread "VM Thread" [stack: 0x000000cf14e00000,0x000000cf14f00000] [id=6472]
  0x000001d00f1a4000 WatcherThread [stack: 0x000000cf15900000,0x000000cf15a00000] [id=6684]
  0x000001d06fcef800 GCTaskThread "GC Thread#0" [stack: 0x000000cf14900000,0x000000cf14a00000] [id=2716]
  0x000001d06fd01000 ConcurrentGCThread "G1 Main Marker" [stack: 0x000000cf14a00000,0x000000cf14b00000] [id=6484]
  0x000001d06fd02800 ConcurrentGCThread "G1 Conc#0" [stack: 0x000000cf14b00000,0x000000cf14c00000] [id=10972]
  0x000001d06fd7e000 ConcurrentGCThread "G1 Refine#0" [stack: 0x000000cf14c00000,0x000000cf14d00000] [id=9000]
  0x000001d07f1a2800 ConcurrentGCThread "G1 Young RemSet Sampling" [stack: 0x000000cf14d00000,0x000000cf14e00000] [id=11016]

Threads with active compile tasks:
C2 CompilerThread0     1364  719       4       java.util.Properties::loadConvert (544 bytes)
C1 CompilerThread0     1364  722 %     3       sun.nio.cs.UTF_8$Decoder::decodeArrayLoop @ 73 (691 bytes)

VM state:not at safepoint (normal execution)

VM Mutex/Monitor currently owned by a thread: None

Heap address: 0x0000000080c00000, size: 2036 MB, Compressed Oops mode: 32-bit
Narrow klass base: 0x0000000800000000, Narrow klass shift: 3
Compressed class space size: 1073741824 Address: 0x0000000800b40000

Heap:
 garbage-first heap   total 131072K, used 7168K [0x0000000080c00000, 0x0000000100000000)
  region size 1024K, 8 young (8192K), 0 survivors (0K)
 Metaspace       used 7245K, capacity 7594K, committed 7680K, reserved 1056768K
  class space    used 844K, capacity 995K, committed 1024K, reserved 1048576K
Heap Regions: E=young(eden), S=young(survivor), O=old, HS=humongous(starts), HC=humongous(continues), CS=collection set, F=free, A=archive, TAMS=top-at-mark-start (previous, next)
|   0|0x0000000080c00000, 0x0000000080c00000, 0x0000000080d00000|  0%| F|  |TAMS 0x0000000080c00000, 0x0000000080c00000| Untracked 
|   1|0x0000000080d00000, 0x0000000080d00000, 0x0000000080e00000|  0%| F|  |TAMS 0x0000000080d00000, 0x0000000080d00000| Untracked 
|   2|0x0000000080e00000, 0x0000000080e00000, 0x0000000080f00000|  0%| F|  |TAMS 0x0000000080e00000, 0x0000000080e00000| Untracked 
|   3|0x0000000080f00000, 0x0000000080f00000, 0x0000000081000000|  0%| F|  |TAMS 0x0000000080f00000, 0x0000000080f00000| Untracked 
|   4|0x0000000081000000, 0x0000000081000000, 0x0000000081100000|  0%| F|  |TAMS 0x0000000081000000, 0x0000000081000000| Untracked 
|   5|0x0000000081100000, 0x0000000081100000, 0x0000000081200000|  0%| F|  |TAMS 0x0000000081100000, 0x0000000081100000| Untracked 
|   6|0x0000000081200000, 0x0000000081200000, 0x0000000081300000|  0%| F|  |TAMS 0x0000000081200000, 0x0000000081200000| Untracked 
|   7|0x0000000081300000, 0x0000000081300000, 0x0000000081400000|  0%| F|  |TAMS 0x0000000081300000, 0x0000000081300000| Untracked 
|   8|0x0000000081400000, 0x0000000081400000, 0x0000000081500000|  0%| F|  |TAMS 0x0000000081400000, 0x0000000081400000| Untracked 
|   9|0x0000000081500000, 0x0000000081500000, 0x0000000081600000|  0%| F|  |TAMS 0x0000000081500000, 0x0000000081500000| Untracked 
|  10|0x0000000081600000, 0x0000000081600000, 0x0000000081700000|  0%| F|  |TAMS 0x0000000081600000, 0x0000000081600000| Untracked 
|  11|0x0000000081700000, 0x0000000081700000, 0x0000000081800000|  0%| F|  |TAMS 0x0000000081700000, 0x0000000081700000| Untracked 
|  12|0x0000000081800000, 0x0000000081800000, 0x0000000081900000|  0%| F|  |TAMS 0x0000000081800000, 0x0000000081800000| Untracked 
|  13|0x0000000081900000, 0x0000000081900000, 0x0000000081a00000|  0%| F|  |TAMS 0x0000000081900000, 0x0000000081900000| Untracked 
|  14|0x0000000081a00000, 0x0000000081a00000, 0x0000000081b00000|  0%| F|  |TAMS 0x0000000081a00000, 0x0000000081a00000| Untracked 
|  15|0x0000000081b00000, 0x0000000081b00000, 0x0000000081c00000|  0%| F|  |TAMS 0x0000000081b00000, 0x0000000081b00000| Untracked 
|  16|0x0000000081c00000, 0x0000000081c00000, 0x0000000081d00000|  0%| F|  |TAMS 0x0000000081c00000, 0x0000000081c00000| Untracked 
|  17|0x0000000081d00000, 0x0000000081d00000, 0x0000000081e00000|  0%| F|  |TAMS 0x0000000081d00000, 0x0000000081d00000| Untracked 
|  18|0x0000000081e00000, 0x0000000081e00000, 0x0000000081f00000|  0%| F|  |TAMS 0x0000000081e00000, 0x0000000081e00000| Untracked 
|  19|0x0000000081f00000, 0x0000000081f00000, 0x0000000082000000|  0%| F|  |TAMS 0x0000000081f00000, 0x0000000081f00000| Untracked 
|  20|0x0000000082000000, 0x0000000082000000, 0x0000000082100000|  0%| F|  |TAMS 0x0000000082000000, 0x0000000082000000| Untracked 
|  21|0x0000000082100000, 0x0000000082100000, 0x0000000082200000|  0%| F|  |TAMS 0x0000000082100000, 0x0000000082100000| Untracked 
|  22|0x0000000082200000, 0x0000000082200000, 0x0000000082300000|  0%| F|  |TAMS 0x0000000082200000, 0x0000000082200000| Untracked 
|  23|0x0000000082300000, 0x0000000082300000, 0x0000000082400000|  0%| F|  |TAMS 0x0000000082300000, 0x0000000082300000| Untracked 
|  24|0x0000000082400000, 0x0000000082400000, 0x0000000082500000|  0%| F|  |TAMS 0x0000000082400000, 0x0000000082400000| Untracked 
|  25|0x0000000082500000, 0x0000000082500000, 0x0000000082600000|  0%| F|  |TAMS 0x0000000082500000, 0x0000000082500000| Untracked 
|  26|0x0000000082600000, 0x0000000082600000, 0x0000000082700000|  0%| F|  |TAMS 0x0000000082600000, 0x0000000082600000| Untracked 
|  27|0x0000000082700000, 0x0000000082700000, 0x0000000082800000|  0%| F|  |TAMS 0x0000000082700000, 0x0000000082700000| Untracked 
|  28|0x0000000082800000, 0x0000000082800000, 0x0000000082900000|  0%| F|  |TAMS 0x0000000082800000, 0x0000000082800000| Untracked 
|  29|0x0000000082900000, 0x0000000082900000, 0x0000000082a00000|  0%| F|  |TAMS 0x0000000082900000, 0x0000000082900000| Untracked 
|  30|0x0000000082a00000, 0x0000000082a00000, 0x0000000082b00000|  0%| F|  |TAMS 0x0000000082a00000, 0x0000000082a00000| Untracked 
|  31|0x0000000082b00000, 0x0000000082b00000, 0x0000000082c00000|  0%| F|  |TAMS 0x0000000082b00000, 0x0000000082b00000| Untracked 
|  32|0x0000000082c00000, 0x0000000082c00000, 0x0000000082d00000|  0%| F|  |TAMS 0x0000000082c00000, 0x0000000082c00000| Untracked 
|  33|0x0000000082d00000, 0x0000000082d00000, 0x0000000082e00000|  0%| F|  |TAMS 0x0000000082d00000, 0x0000000082d00000| Untracked 
|  34|0x0000000082e00000, 0x0000000082e00000, 0x0000000082f00000|  0%| F|  |TAMS 0x0000000082e00000, 0x0000000082e00000| Untracked 
|  35|0x0000000082f00000, 0x0000000082f00000, 0x0000000083000000|  0%| F|  |TAMS 0x0000000082f00000, 0x0000000082f00000| Untracked 
|  36|0x0000000083000000, 0x0000000083000000, 0x0000000083100000|  0%| F|  |TAMS 0x0000000083000000, 0x0000000083000000| Untracked 
|  37|0x0000000083100000, 0x0000000083100000, 0x0000000083200000|  0%| F|  |TAMS 0x0000000083100000, 0x0000000083100000| Untracked 
|  38|0x0000000083200000, 0x0000000083200000, 0x0000000083300000|  0%| F|  |TAMS 0x0000000083200000, 0x0000000083200000| Untracked 
|  39|0x0000000083300000, 0x0000000083300000, 0x0000000083400000|  0%| F|  |TAMS 0x0000000083300000, 0x0000000083300000| Untracked 
|  40|0x0000000083400000, 0x0000000083400000, 0x0000000083500000|  0%| F|  |TAMS 0x0000000083400000, 0x0000000083400000| Untracked 
|  41|0x0000000083500000, 0x0000000083500000, 0x0000000083600000|  0%| F|  |TAMS 0x0000000083500000, 0x0000000083500000| Untracked 
|  42|0x0000000083600000, 0x0000000083600000, 0x0000000083700000|  0%| F|  |TAMS 0x0000000083600000, 0x0000000083600000| Untracked 
|  43|0x0000000083700000, 0x0000000083700000, 0x0000000083800000|  0%| F|  |TAMS 0x0000000083700000, 0x0000000083700000| Untracked 
|  44|0x0000000083800000, 0x0000000083800000, 0x0000000083900000|  0%| F|  |TAMS 0x0000000083800000, 0x0000000083800000| Untracked 
|  45|0x0000000083900000, 0x0000000083900000, 0x0000000083a00000|  0%| F|  |TAMS 0x0000000083900000, 0x0000000083900000| Untracked 
|  46|0x0000000083a00000, 0x0000000083a00000, 0x0000000083b00000|  0%| F|  |TAMS 0x0000000083a00000, 0x0000000083a00000| Untracked 
|  47|0x0000000083b00000, 0x0000000083b00000, 0x0000000083c00000|  0%| F|  |TAMS 0x0000000083b00000, 0x0000000083b00000| Untracked 
|  48|0x0000000083c00000, 0x0000000083c00000, 0x0000000083d00000|  0%| F|  |TAMS 0x0000000083c00000, 0x0000000083c00000| Untracked 
|  49|0x0000000083d00000, 0x0000000083d00000, 0x0000000083e00000|  0%| F|  |TAMS 0x0000000083d00000, 0x0000000083d00000| Untracked 
|  50|0x0000000083e00000, 0x0000000083e00000, 0x0000000083f00000|  0%| F|  |TAMS 0x0000000083e00000, 0x0000000083e00000| Untracked 
|  51|0x0000000083f00000, 0x0000000083f00000, 0x0000000084000000|  0%| F|  |TAMS 0x0000000083f00000, 0x0000000083f00000| Untracked 
|  52|0x0000000084000000, 0x0000000084000000, 0x0000000084100000|  0%| F|  |TAMS 0x0000000084000000, 0x0000000084000000| Untracked 
|  53|0x0000000084100000, 0x0000000084100000, 0x0000000084200000|  0%| F|  |TAMS 0x0000000084100000, 0x0000000084100000| Untracked 
|  54|0x0000000084200000, 0x0000000084200000, 0x0000000084300000|  0%| F|  |TAMS 0x0000000084200000, 0x0000000084200000| Untracked 
|  55|0x0000000084300000, 0x0000000084300000, 0x0000000084400000|  0%| F|  |TAMS 0x0000000084300000, 0x0000000084300000| Untracked 
|  56|0x0000000084400000, 0x0000000084400000, 0x0000000084500000|  0%| F|  |TAMS 0x0000000084400000, 0x0000000084400000| Untracked 
|  57|0x0000000084500000, 0x0000000084500000, 0x0000000084600000|  0%| F|  |TAMS 0x0000000084500000, 0x0000000084500000| Untracked 
|  58|0x0000000084600000, 0x0000000084600000, 0x0000000084700000|  0%| F|  |TAMS 0x0000000084600000, 0x0000000084600000| Untracked 
|  59|0x0000000084700000, 0x0000000084700000, 0x0000000084800000|  0%| F|  |TAMS 0x0000000084700000, 0x0000000084700000| Untracked 
|  60|0x0000000084800000, 0x0000000084800000, 0x0000000084900000|  0%| F|  |TAMS 0x0000000084800000, 0x0000000084800000| Untracked 
|  61|0x0000000084900000, 0x0000000084900000, 0x0000000084a00000|  0%| F|  |TAMS 0x0000000084900000, 0x0000000084900000| Untracked 
|  62|0x0000000084a00000, 0x0000000084a00000, 0x0000000084b00000|  0%| F|  |TAMS 0x0000000084a00000, 0x0000000084a00000| Untracked 
|  63|0x0000000084b00000, 0x0000000084b00000, 0x0000000084c00000|  0%| F|  |TAMS 0x0000000084b00000, 0x0000000084b00000| Untracked 
|  64|0x0000000084c00000, 0x0000000084c00000, 0x0000000084d00000|  0%| F|  |TAMS 0x0000000084c00000, 0x0000000084c00000| Untracked 
|  65|0x0000000084d00000, 0x0000000084d00000, 0x0000000084e00000|  0%| F|  |TAMS 0x0000000084d00000, 0x0000000084d00000| Untracked 
|  66|0x0000000084e00000, 0x0000000084e00000, 0x0000000084f00000|  0%| F|  |TAMS 0x0000000084e00000, 0x0000000084e00000| Untracked 
|  67|0x0000000084f00000, 0x0000000084f00000, 0x0000000085000000|  0%| F|  |TAMS 0x0000000084f00000, 0x0000000084f00000| Untracked 
|  68|0x0000000085000000, 0x0000000085000000, 0x0000000085100000|  0%| F|  |TAMS 0x0000000085000000, 0x0000000085000000| Untracked 
|  69|0x0000000085100000, 0x0000000085100000, 0x0000000085200000|  0%| F|  |TAMS 0x0000000085100000, 0x0000000085100000| Untracked 
|  70|0x0000000085200000, 0x0000000085200000, 0x0000000085300000|  0%| F|  |TAMS 0x0000000085200000, 0x0000000085200000| Untracked 
|  71|0x0000000085300000, 0x0000000085300000, 0x0000000085400000|  0%| F|  |TAMS 0x0000000085300000, 0x0000000085300000| Untracked 
|  72|0x0000000085400000, 0x0000000085400000, 0x0000000085500000|  0%| F|  |TAMS 0x0000000085400000, 0x0000000085400000| Untracked 
|  73|0x0000000085500000, 0x0000000085500000, 0x0000000085600000|  0%| F|  |TAMS 0x0000000085500000, 0x0000000085500000| Untracked 
|  74|0x0000000085600000, 0x0000000085600000, 0x0000000085700000|  0%| F|  |TAMS 0x0000000085600000, 0x0000000085600000| Untracked 
|  75|0x0000000085700000, 0x0000000085700000, 0x0000000085800000|  0%| F|  |TAMS 0x0000000085700000, 0x0000000085700000| Untracked 
|  76|0x0000000085800000, 0x0000000085800000, 0x0000000085900000|  0%| F|  |TAMS 0x0000000085800000, 0x0000000085800000| Untracked 
|  77|0x0000000085900000, 0x0000000085900000, 0x0000000085a00000|  0%| F|  |TAMS 0x0000000085900000, 0x0000000085900000| Untracked 
|  78|0x0000000085a00000, 0x0000000085a00000, 0x0000000085b00000|  0%| F|  |TAMS 0x0000000085a00000, 0x0000000085a00000| Untracked 
|  79|0x0000000085b00000, 0x0000000085b00000, 0x0000000085c00000|  0%| F|  |TAMS 0x0000000085b00000, 0x0000000085b00000| Untracked 
|  80|0x0000000085c00000, 0x0000000085c00000, 0x0000000085d00000|  0%| F|  |TAMS 0x0000000085c00000, 0x0000000085c00000| Untracked 
|  81|0x0000000085d00000, 0x0000000085d00000, 0x0000000085e00000|  0%| F|  |TAMS 0x0000000085d00000, 0x0000000085d00000| Untracked 
|  82|0x0000000085e00000, 0x0000000085e00000, 0x0000000085f00000|  0%| F|  |TAMS 0x0000000085e00000, 0x0000000085e00000| Untracked 
|  83|0x0000000085f00000, 0x0000000085f00000, 0x0000000086000000|  0%| F|  |TAMS 0x0000000085f00000, 0x0000000085f00000| Untracked 
|  84|0x0000000086000000, 0x0000000086000000, 0x0000000086100000|  0%| F|  |TAMS 0x0000000086000000, 0x0000000086000000| Untracked 
|  85|0x0000000086100000, 0x0000000086100000, 0x0000000086200000|  0%| F|  |TAMS 0x0000000086100000, 0x0000000086100000| Untracked 
|  86|0x0000000086200000, 0x0000000086200000, 0x0000000086300000|  0%| F|  |TAMS 0x0000000086200000, 0x0000000086200000| Untracked 
|  87|0x0000000086300000, 0x0000000086300000, 0x0000000086400000|  0%| F|  |TAMS 0x0000000086300000, 0x0000000086300000| Untracked 
|  88|0x0000000086400000, 0x0000000086400000, 0x0000000086500000|  0%| F|  |TAMS 0x0000000086400000, 0x0000000086400000| Untracked 
|  89|0x0000000086500000, 0x0000000086500000, 0x0000000086600000|  0%| F|  |TAMS 0x0000000086500000, 0x0000000086500000| Untracked 
|  90|0x0000000086600000, 0x0000000086600000, 0x0000000086700000|  0%| F|  |TAMS 0x0000000086600000, 0x0000000086600000| Untracked 
|  91|0x0000000086700000, 0x0000000086700000, 0x0000000086800000|  0%| F|  |TAMS 0x0000000086700000, 0x0000000086700000| Untracked 
|  92|0x0000000086800000, 0x0000000086800000, 0x0000000086900000|  0%| F|  |TAMS 0x0000000086800000, 0x0000000086800000| Untracked 
|  93|0x0000000086900000, 0x0000000086900000, 0x0000000086a00000|  0%| F|  |TAMS 0x0000000086900000, 0x0000000086900000| Untracked 
|  94|0x0000000086a00000, 0x0000000086a00000, 0x0000000086b00000|  0%| F|  |TAMS 0x0000000086a00000, 0x0000000086a00000| Untracked 
|  95|0x0000000086b00000, 0x0000000086b00000, 0x0000000086c00000|  0%| F|  |TAMS 0x0000000086b00000, 0x0000000086b00000| Untracked 
|  96|0x0000000086c00000, 0x0000000086c00000, 0x0000000086d00000|  0%| F|  |TAMS 0x0000000086c00000, 0x0000000086c00000| Untracked 
|  97|0x0000000086d00000, 0x0000000086d00000, 0x0000000086e00000|  0%| F|  |TAMS 0x0000000086d00000, 0x0000000086d00000| Untracked 
|  98|0x0000000086e00000, 0x0000000086e00000, 0x0000000086f00000|  0%| F|  |TAMS 0x0000000086e00000, 0x0000000086e00000| Untracked 
|  99|0x0000000086f00000, 0x0000000086f00000, 0x0000000087000000|  0%| F|  |TAMS 0x0000000086f00000, 0x0000000086f00000| Untracked 
| 100|0x0000000087000000, 0x0000000087000000, 0x0000000087100000|  0%| F|  |TAMS 0x0000000087000000, 0x0000000087000000| Untracked 
| 101|0x0000000087100000, 0x0000000087100000, 0x0000000087200000|  0%| F|  |TAMS 0x0000000087100000, 0x0000000087100000| Untracked 
| 102|0x0000000087200000, 0x0000000087200000, 0x0000000087300000|  0%| F|  |TAMS 0x0000000087200000, 0x0000000087200000| Untracked 
| 103|0x0000000087300000, 0x0000000087300000, 0x0000000087400000|  0%| F|  |TAMS 0x0000000087300000, 0x0000000087300000| Untracked 
| 104|0x0000000087400000, 0x0000000087400000, 0x0000000087500000|  0%| F|  |TAMS 0x0000000087400000, 0x0000000087400000| Untracked 
| 105|0x0000000087500000, 0x0000000087500000, 0x0000000087600000|  0%| F|  |TAMS 0x0000000087500000, 0x0000000087500000| Untracked 
| 106|0x0000000087600000, 0x0000000087600000, 0x0000000087700000|  0%| F|  |TAMS 0x0000000087600000, 0x0000000087600000| Untracked 
| 107|0x0000000087700000, 0x0000000087700000, 0x0000000087800000|  0%| F|  |TAMS 0x0000000087700000, 0x0000000087700000| Untracked 
| 108|0x0000000087800000, 0x0000000087800000, 0x0000000087900000|  0%| F|  |TAMS 0x0000000087800000, 0x0000000087800000| Untracked 
| 109|0x0000000087900000, 0x0000000087900000, 0x0000000087a00000|  0%| F|  |TAMS 0x0000000087900000, 0x0000000087900000| Untracked 
| 110|0x0000000087a00000, 0x0000000087a00000, 0x0000000087b00000|  0%| F|  |TAMS 0x0000000087a00000, 0x0000000087a00000| Untracked 
| 111|0x0000000087b00000, 0x0000000087b00000, 0x0000000087c00000|  0%| F|  |TAMS 0x0000000087b00000, 0x0000000087b00000| Untracked 
| 112|0x0000000087c00000, 0x0000000087c00000, 0x0000000087d00000|  0%| F|  |TAMS 0x0000000087c00000, 0x0000000087c00000| Untracked 
| 113|0x0000000087d00000, 0x0000000087d00000, 0x0000000087e00000|  0%| F|  |TAMS 0x0000000087d00000, 0x0000000087d00000| Untracked 
| 114|0x0000000087e00000, 0x0000000087e00000, 0x0000000087f00000|  0%| F|  |TAMS 0x0000000087e00000, 0x0000000087e00000| Untracked 
| 115|0x0000000087f00000, 0x0000000087f00000, 0x0000000088000000|  0%| F|  |TAMS 0x0000000087f00000, 0x0000000087f00000| Untracked 
| 116|0x0000000088000000, 0x0000000088000000, 0x0000000088100000|  0%| F|  |TAMS 0x0000000088000000, 0x0000000088000000| Untracked 
| 117|0x0000000088100000, 0x0000000088100000, 0x0000000088200000|  0%| F|  |TAMS 0x0000000088100000, 0x0000000088100000| Untracked 
| 118|0x0000000088200000, 0x0000000088200000, 0x0000000088300000|  0%| F|  |TAMS 0x0000000088200000, 0x0000000088200000| Untracked 
| 119|0x0000000088300000, 0x0000000088300000, 0x0000000088400000|  0%| F|  |TAMS 0x0000000088300000, 0x0000000088300000| Untracked 
| 120|0x0000000088400000, 0x00000000884db578, 0x0000000088500000| 85%| E|  |TAMS 0x0000000088400000, 0x0000000088400000| Complete 
| 121|0x0000000088500000, 0x0000000088600000, 0x0000000088600000|100%| E|CS|TAMS 0x0000000088500000, 0x0000000088500000| Complete 
| 122|0x0000000088600000, 0x0000000088700000, 0x0000000088700000|100%| E|CS|TAMS 0x0000000088600000, 0x0000000088600000| Complete 
| 123|0x0000000088700000, 0x0000000088800000, 0x0000000088800000|100%| E|CS|TAMS 0x0000000088700000, 0x0000000088700000| Complete 
| 124|0x0000000088800000, 0x0000000088900000, 0x0000000088900000|100%| E|CS|TAMS 0x0000000088800000, 0x0000000088800000| Complete 
| 125|0x0000000088900000, 0x0000000088a00000, 0x0000000088a00000|100%| E|CS|TAMS 0x0000000088900000, 0x0000000088900000| Complete 
| 126|0x0000000088a00000, 0x0000000088b00000, 0x0000000088b00000|100%| E|CS|TAMS 0x0000000088a00000, 0x0000000088a00000| Complete 
| 127|0x0000000088b00000, 0x0000000088c00000, 0x0000000088c00000|100%| E|CS|TAMS 0x0000000088b00000, 0x0000000088b00000| Complete 

Card table byte_map: [0x000001d0785b0000,0x000001d0789b0000] _byte_map_base: 0x000001d0781aa000

Marking Bits (Prev, Next): (CMBitMap*) 0x000001d06fcf02a8, (CMBitMap*) 0x000001d06fcf02e8
 Prev Bits: [0x000001d078db0000, 0x000001d07ad80000)
 Next Bits: [0x000001d07ad80000, 0x000001d07cd50000)

Polling page: 0x000001d06db80000

Metaspace:

Usage:
  Non-class:      6.44 MB capacity,     6.25 MB ( 97%) used,   176.74 KB (  3%) free+waste,    21.13 KB ( <1%) overhead. 
      Class:    995.00 KB capacity,   844.34 KB ( 85%) used,   136.29 KB ( 14%) free+waste,    14.38 KB (  1%) overhead. 
       Both:      7.42 MB capacity,     7.08 MB ( 95%) used,   313.03 KB (  4%) free+waste,    35.50 KB ( <1%) overhead. 

Virtual space:
  Non-class space:        8.00 MB reserved,       6.50 MB ( 81%) committed 
      Class space:        1.00 GB reserved,       1.00 MB ( <1%) committed 
             Both:        1.01 GB reserved,       7.50 MB ( <1%) committed 

Chunk freelists:
   Non-Class:  0 bytes
       Class:  0 bytes
        Both:  0 bytes

MaxMetaspaceSize: 17179869184.00 GB
CompressedClassSpaceSize: 1.00 GB

CodeHeap 'non-profiled nmethods': size=120000Kb used=225Kb max_used=225Kb free=119774Kb
 bounds [0x000001d007ad0000, 0x000001d007d40000, 0x000001d00f000000]
CodeHeap 'profiled nmethods': size=120000Kb used=1191Kb max_used=1191Kb free=118808Kb
 bounds [0x000001d0005a0000, 0x000001d000810000, 0x000001d007ad0000]
CodeHeap 'non-nmethods': size=5760Kb used=1250Kb max_used=1250Kb free=4510Kb
 bounds [0x000001d000000000, 0x000001d000270000, 0x000001d0005a0000]
 total_blobs=1632 nmethods=721 adapters=434
 compilation: enabled
              stopped_count=0, restarted_count=0
 full_count=0

Compilation events (20 events):
Event: 1.271 Thread 0x000001d07f346800  712       4       jdk.internal.jimage.ImageStringsReader::unmaskedHashCode (173 bytes)
Event: 1.272 Thread 0x000001d07f347800 nmethod 706 0x000001d0006b6010 code [0x000001d0006b6800, 0x000001d0006b9570]
Event: 1.272 Thread 0x000001d07f347800  713       3       jdk.internal.jimage.ImageStringsReader::charsFromByteBuffer (186 bytes)
Event: 1.274 Thread 0x000001d07f347800 nmethod 713 0x000001d0006baa90 code [0x000001d0006bae00, 0x000001d0006bc490]
Event: 1.274 Thread 0x000001d07f347800  711       3       jdk.internal.module.SystemModuleFinders$SystemModuleReader::find (54 bytes)
Event: 1.275 Thread 0x000001d07f347800 nmethod 711 0x000001d0006bcc10 code [0x000001d0006bcf20, 0x000001d0006bdf80]
Event: 1.275 Thread 0x000001d07f347800  707       3       jdk.internal.org.objectweb.asm.Handler::putExceptionTable (63 bytes)
Event: 1.276 Thread 0x000001d07f346800 nmethod 712 0x000001d007b07910 code [0x000001d007b07aa0, 0x000001d007b07c48]
Event: 1.276 Thread 0x000001d07f347800 nmethod 707 0x000001d0006be590 code [0x000001d0006be7a0, 0x000001d0006bec70]
Event: 1.278 Thread 0x000001d07f347800  714       3       java.util.Properties::loadConvert (544 bytes)
Event: 1.280 Thread 0x000001d07f347800 nmethod 714 0x000001d0006bef10 code [0x000001d0006bf240, 0x000001d0006c0a50]
Event: 1.280 Thread 0x000001d07f347800  715 %     3       java.util.Properties$LineReader::readLine @ 53 (584 bytes)
Event: 1.284 Thread 0x000001d07f347800 nmethod 715% 0x000001d0006c1210 code [0x000001d0006c1600, 0x000001d0006c4780]
Event: 1.284 Thread 0x000001d07f347800  717  s    3       java.util.Properties::put (10 bytes)
Event: 1.284 Thread 0x000001d07f347800 nmethod 717 0x000001d0006c5610 code [0x000001d0006c57c0, 0x000001d0006c5b90]
Event: 1.284 Thread 0x000001d07f347800  718       3       java.util.Properties$LineReader::readLine (584 bytes)
Event: 1.287 Thread 0x000001d07f347800 nmethod 718 0x000001d0006c5c90 code [0x000001d0006c6060, 0x000001d0006c8da0]
Event: 1.288 Thread 0x000001d07f347800  716       3       java.util.concurrent.ConcurrentHashMap::put (8 bytes)
Event: 1.288 Thread 0x000001d07f347800 nmethod 716 0x000001d0006c9b10 code [0x000001d0006c9cc0, 0x000001d0006c9e70]
Event: 1.294 Thread 0x000001d07f346800  719       4       java.util.Properties::loadConvert (544 bytes)

GC Heap History (0 events):
No events

Deoptimization events (8 events):
Event: 0.350 Thread 0x000001d06fcac000 Uncommon trap: trap_request=0xffffff45 fr.pc=0x000001d007adeba0 relative=0x0000000000000080
Event: 0.350 Thread 0x000001d06fcac000 Uncommon trap: reason=unstable_if action=reinterpret pc=0x000001d007adeba0 method=java.lang.String.isLatin1()Z @ 10 c2
Event: 0.350 Thread 0x000001d06fcac000 DEOPT PACKING pc=0x000001d007adeba0 sp=0x000000cf148ff180
Event: 0.350 Thread 0x000001d06fcac000 DEOPT UNPACKING pc=0x000001d00004912f sp=0x000000cf148ff0c0 mode 2
Event: 1.297 Thread 0x000001d06fcac000 DEOPT PACKING pc=0x000001d0006c8b61 sp=0x000000cf148faaf0
Event: 1.297 Thread 0x000001d06fcac000 DEOPT UNPACKING pc=0x000001d00004964e sp=0x000000cf148f9fe8 mode 0
Event: 1.299 Thread 0x000001d06fcac000 DEOPT PACKING pc=0x000001d0006c8b61 sp=0x000000cf148faaf0
Event: 1.299 Thread 0x000001d06fcac000 DEOPT UNPACKING pc=0x000001d00004964e sp=0x000000cf148f9fe8 mode 0

Classes unloaded (0 events):
No events

Classes redefined (0 events):
No events

Internal exceptions (11 events):
Event: 0.389 Thread 0x000001d06fcac000 Exception <a 'java/lang/ClassNotFoundException'{0x0000000088afb890}: sun/awt/resources/spi/awtProvider> (0x0000000088afb890) 
thrown [t:/workspace/open/src/hotspot/share/classfile/systemDictionary.cpp, line 232]
Event: 0.437 Thread 0x000001d06fcac000 Exception <a 'java/io/FileNotFoundException'{0x0000000088994618}> (0x0000000088994618) 
thrown [t:/workspace/open/src/hotspot/share/prims/jni.cpp, line 598]
Event: 0.452 Thread 0x000001d06fcac000 Exception <a 'java/io/FileNotFoundException'{0x00000000889bab98}> (0x00000000889bab98) 
thrown [t:/workspace/open/src/hotspot/share/prims/jni.cpp, line 598]
Event: 0.613 Thread 0x000001d00f3fe800 Exception <a 'java/lang/NoSuchMethodError'{0x000000008884d120}: 'void java.lang.invoke.DirectMethodHandle$Holder.invokeSpecial(java.lang.Object, java.lang.Object)'> (0x000000008884d120) 
thrown [t:/workspace/open/src/hotspot/share/interpreter/linkResolver.cpp, line 767]
Event: 0.772 Thread 0x000001d06fcac000 Exception <a 'java/lang/NoSuchMethodError'{0x00000000888b5c50}: 'java.lang.Object java.lang.invoke.DirectMethodHandle$Holder.invokeStatic(java.lang.Object, int, java.lang.Object, java.lang.Object, java.lang.Object, java.lang.Object)'> (0x00000000888b5c50) 
thrown [t:/workspace/open/src/hotspot/share/interpreter/linkResolver.cpp, line 767]
Event: 0.774 Thread 0x000001d06fcac000 Exception <a 'java/lang/NoSuchMethodError'{0x00000000888bc5b0}: 'java.lang.Object java.lang.invoke.DirectMethodHandle$Holder.invokeStatic(java.lang.Object, int, java.lang.Object, java.lang.Object, java.lang.Object)'> (0x00000000888bc5b0) 
thrown [t:/workspace/open/src/hotspot/share/interpreter/linkResolver.cpp, line 767]
Event: 0.774 Thread 0x000001d06fcac000 Exception <a 'java/lang/NoSuchMethodError'{0x00000000888bfe18}: 'java.lang.Object java.lang.invoke.DirectMethodHandle$Holder.invokeSpecial(java.lang.Object, java.lang.Object, int, java.lang.Object, java.lang.Object, java.lang.Object)'> (0x00000000888bfe18) 
thrown [t:/workspace/open/src/hotspot/share/interpreter/linkResolver.cpp, line 767]
Event: 0.780 Thread 0x000001d06fcac000 Exception <a 'java/lang/NoSuchMethodError'{0x00000000888d6140}: 'java.lang.Object java.lang.invoke.DirectMethodHandle$Holder.invokeStatic(java.lang.Object, int, java.lang.Object)'> (0x00000000888d6140) 
thrown [t:/workspace/open/src/hotspot/share/interpreter/linkResolver.cpp, line 767]
Event: 0.964 Thread 0x000001d06fcac000 Exception <a 'java/lang/ClassNotFoundException'{0x000000008877cf40}: com/sun/swing/internal/plaf/metal/resources/spi/metalProvider> (0x000000008877cf40) 
thrown [t:/workspace/open/src/hotspot/share/classfile/systemDictionary.cpp, line 232]
Event: 0.966 Thread 0x000001d06fcac000 Exception <a 'java/lang/ClassNotFoundException'{0x0000000088780fe8}: com/sun/swing/internal/plaf/basic/resources/spi/basicProvider> (0x0000000088780fe8) 
thrown [t:/workspace/open/src/hotspot/share/classfile/systemDictionary.cpp, line 232]
Event: 1.205 Thread 0x000001d06fcac000 Exception <a 'java/lang/NoSuchMethodError'{0x00000000885465c8}: 'int java.lang.invoke.DirectMethodHandle$Holder.invokeSpecialIFC(java.lang.Object, java.lang.Object, int)'> (0x00000000885465c8) 
thrown [t:/workspace/open/src/hotspot/share/interpreter/linkResolver.cpp, line 767]

Events (20 events):
Event: 1.255 loading class java/util/ServiceLoader$ProviderSpliterator
Event: 1.255 loading class java/util/ServiceLoader$ProviderSpliterator done
Event: 1.267 loading class com/mysql/cj/LocalizedErrorMessages
Event: 1.267 loading class com/mysql/cj/LocalizedErrorMessages done
Event: 1.269 loading class java/util/zip/ZipFile$ZipEntryIterator
Event: 1.269 loading class java/util/zip/ZipFile$ZipEntryIterator done
Event: 1.270 loading class java/util/ResourceBundle$Control$2
Event: 1.270 loading class java/util/ResourceBundle$Control$2 done
Event: 1.270 Executing VM operation: RevokeBias
Event: 1.270 Executing VM operation: RevokeBias done
Event: 1.271 Executing VM operation: RevokeBias
Event: 1.271 Executing VM operation: RevokeBias done
Event: 1.272 Executing VM operation: RevokeBias
Event: 1.272 Executing VM operation: RevokeBias done
Event: 1.276 loading class java/util/PropertyResourceBundle
Event: 1.276 loading class java/util/PropertyResourceBundle done
Event: 1.276 loading class sun/util/PropertyResourceBundleCharset
Event: 1.276 loading class sun/util/PropertyResourceBundleCharset done
Event: 1.277 loading class sun/util/PropertyResourceBundleCharset$PropertiesFileDecoder
Event: 1.277 loading class sun/util/PropertyResourceBundleCharset$PropertiesFileDecoder done


Dynamic libraries:
0x00007ff6f80c0000 - 0x00007ff6f80cf000 	C:\Program Files\Java\jdk-13.0.2\bin\java.exe
0x00007ffcb8300000 - 0x00007ffcb84f0000 	C:\WINDOWS\SYSTEM32\ntdll.dll
0x00007ffcb7220000 - 0x00007ffcb72d2000 	C:\WINDOWS\System32\KERNEL32.DLL
0x00007ffcb5340000 - 0x00007ffcb55e3000 	C:\WINDOWS\System32\KERNELBASE.dll
0x00007ffcb59c0000 - 0x00007ffcb5aba000 	C:\WINDOWS\System32\ucrtbase.dll
0x00007ffc95840000 - 0x00007ffc95858000 	C:\Program Files\Java\jdk-13.0.2\bin\jli.dll
0x00007ffcb8210000 - 0x00007ffcb82b3000 	C:\WINDOWS\System32\ADVAPI32.dll
0x00007ffcb7e20000 - 0x00007ffcb7ebe000 	C:\WINDOWS\System32\msvcrt.dll
0x00007ffcb6aa0000 - 0x00007ffcb6b37000 	C:\WINDOWS\System32\sechost.dll
0x00007ffcb7f90000 - 0x00007ffcb80b0000 	C:\WINDOWS\System32\RPCRT4.dll
0x00007ffcb6db0000 - 0x00007ffcb6f44000 	C:\WINDOWS\System32\USER32.dll
0x00007ffcb55f0000 - 0x00007ffcb5611000 	C:\WINDOWS\System32\win32u.dll
0x00007ffcb77c0000 - 0x00007ffcb77e6000 	C:\WINDOWS\System32\GDI32.dll
0x00007ffcb5620000 - 0x00007ffcb57b4000 	C:\WINDOWS\System32\gdi32full.dll
0x00007ffcb5ac0000 - 0x00007ffcb5b5e000 	C:\WINDOWS\System32\msvcp_win.dll
0x00007ffcab6d0000 - 0x00007ffcab955000 	C:\WINDOWS\WinSxS\amd64_microsoft.windows.common-controls_6595b64144ccf1df_6.0.18362.418_none_e6c6b287130d565d\COMCTL32.dll
0x00007ffcb7870000 - 0x00007ffcb7ba6000 	C:\WINDOWS\System32\combase.dll
0x00007ffcb5b60000 - 0x00007ffcb5be0000 	C:\WINDOWS\System32\bcryptPrimitives.dll
0x00007ffcaca70000 - 0x00007ffcaca7a000 	C:\WINDOWS\SYSTEM32\VERSION.dll
0x00007ffc95860000 - 0x00007ffc95875000 	C:\Program Files\Java\jdk-13.0.2\bin\VCRUNTIME140.dll
0x00007ffcb7090000 - 0x00007ffcb70be000 	C:\WINDOWS\System32\IMM32.DLL
0x00007ffc84d00000 - 0x00007ffc84d9b000 	C:\Program Files\Java\jdk-13.0.2\bin\msvcp140.dll
0x00007ffc72820000 - 0x00007ffc7337d000 	C:\Program Files\Java\jdk-13.0.2\bin\server\jvm.dll
0x00007ffcb7ed0000 - 0x00007ffcb7ed8000 	C:\WINDOWS\System32\PSAPI.DLL
0x00007ffcac6e0000 - 0x00007ffcac6e9000 	C:\WINDOWS\SYSTEM32\WSOCK32.dll
0x00007ffcb72e0000 - 0x00007ffcb734f000 	C:\WINDOWS\System32\WS2_32.dll
0x00007ffcb2d30000 - 0x00007ffcb2d54000 	C:\WINDOWS\SYSTEM32\WINMM.dll
0x00007ffcb2d00000 - 0x00007ffcb2d2d000 	C:\WINDOWS\SYSTEM32\WINMMBASE.dll
0x00007ffcb6360000 - 0x00007ffcb63aa000 	C:\WINDOWS\System32\cfgmgr32.dll
0x00007ffcb5270000 - 0x00007ffcb5281000 	C:\WINDOWS\System32\kernel.appcore.dll
0x00007ffc9ae20000 - 0x00007ffc9ae30000 	C:\Program Files\Java\jdk-13.0.2\bin\verify.dll
0x00007ffca3460000 - 0x00007ffca3654000 	C:\WINDOWS\SYSTEM32\DBGHELP.DLL
0x00007ffca3400000 - 0x00007ffca342a000 	C:\WINDOWS\SYSTEM32\dbgcore.DLL
0x00007ffc95130000 - 0x00007ffc95156000 	C:\Program Files\Java\jdk-13.0.2\bin\java.dll
0x00007ffc97dc0000 - 0x00007ffc97dce000 	C:\Program Files\Java\jdk-13.0.2\bin\instrument.dll
0x00007ffc95340000 - 0x00007ffc95357000 	C:\Program Files\Java\jdk-13.0.2\bin\zip.dll
0x00007ffc9a210000 - 0x00007ffc9a21a000 	C:\Program Files\Java\jdk-13.0.2\bin\jimage.dll
0x00007ffcb63b0000 - 0x00007ffcb6a95000 	C:\WINDOWS\System32\SHELL32.dll
0x00007ffcb7ee0000 - 0x00007ffcb7f89000 	C:\WINDOWS\System32\shcore.dll
0x00007ffcb5be0000 - 0x00007ffcb635f000 	C:\WINDOWS\System32\windows.storage.dll
0x00007ffcb51e0000 - 0x00007ffcb51ff000 	C:\WINDOWS\System32\profapi.dll
0x00007ffcb5220000 - 0x00007ffcb526a000 	C:\WINDOWS\System32\powrprof.dll
0x00007ffcb51d0000 - 0x00007ffcb51e0000 	C:\WINDOWS\System32\UMPDC.dll
0x00007ffcb8130000 - 0x00007ffcb8182000 	C:\WINDOWS\System32\shlwapi.dll
0x00007ffcb5850000 - 0x00007ffcb5867000 	C:\WINDOWS\System32\cryptsp.dll
0x00007ffc95250000 - 0x00007ffc95269000 	C:\Program Files\Java\jdk-13.0.2\bin\net.dll
0x00007ffcac7b0000 - 0x00007ffcac8a0000 	C:\WINDOWS\SYSTEM32\WINHTTP.dll
0x00007ffcb4a40000 - 0x00007ffcb4aa7000 	C:\WINDOWS\system32\mswsock.dll
0x00007ffc94f30000 - 0x00007ffc94f43000 	C:\Program Files\Java\jdk-13.0.2\bin\nio.dll
0x00007ffc94250000 - 0x00007ffc9426a000 	C:\Program Files\JetBrains\IntelliJ IDEA Community Edition 2019.3.4\bin\breakgen64.dll
0x00007ffc83d50000 - 0x00007ffc83ee9000 	C:\Program Files\Java\jdk-13.0.2\bin\awt.dll
0x00007ffcb7c10000 - 0x00007ffcb7cd4000 	C:\WINDOWS\System32\OLEAUT32.dll
0x00007ffcb3450000 - 0x00007ffcb34df000 	C:\WINDOWS\SYSTEM32\apphelp.dll
0x00007ffcb3970000 - 0x00007ffcb399d000 	C:\WINDOWS\system32\DWMAPI.DLL
0x00007ffcb3550000 - 0x00007ffcb35e9000 	C:\WINDOWS\system32\uxtheme.dll
0x00007ffc83b80000 - 0x00007ffc83cd6000 	C:\WINDOWS\system32\opengl32.dll
0x00007ffc97dd0000 - 0x00007ffc97dfc000 	C:\WINDOWS\SYSTEM32\GLU32.dll
0x00007ffcb3e40000 - 0x00007ffcb3e60000 	C:\WINDOWS\SYSTEM32\dxcore.dll
0x00007ffcb6f50000 - 0x00007ffcb7086000 	C:\WINDOWS\System32\MSCTF.dll
0x00007ffc8ca90000 - 0x00007ffc8cac7000 	C:\Program Files (x86)\ZoomText 10.1\Win64\AiSquared.Infuser.HookLib.dll
0x00007ffcb70c0000 - 0x00007ffcb7216000 	C:\WINDOWS\System32\ole32.dll
0x00007ffca6160000 - 0x00007ffca6206000 	C:\WINDOWS\SYSTEM32\MSVCP120.dll
0x00007ffca6070000 - 0x00007ffca615f000 	C:\WINDOWS\SYSTEM32\MSVCR120.dll
0x00007ffcb4230000 - 0x00007ffcb4261000 	C:\WINDOWS\SYSTEM32\ntmarta.dll
0x00007ffc83910000 - 0x00007ffc83ad7000 	C:\WINDOWS\system32\d3d9.dll
0x00007ffc718e0000 - 0x00007ffc7281f000 	C:\WINDOWS\SYSTEM32\nvd3dumx.dll

dbghelp: loaded successfully - version: 4.0.5 - missing functions: none
symbol engine: initialized successfully - sym options: 0x614 - pdb path: .;C:\Program Files\Java\jdk-13.0.2\bin;C:\WINDOWS\SYSTEM32;C:\WINDOWS\WinSxS\amd64_microsoft.windows.common-controls_6595b64144ccf1df_6.0.18362.418_none_e6c6b287130d565d;C:\Program Files\Java\jdk-13.0.2\bin\server;C:\Program Files\JetBrains\IntelliJ IDEA Community Edition 2019.3.4\bin;C:\Program Files (x86)\ZoomText 10.1\Win64

VM Arguments:
jvm_args: -javaagent:C:\Program Files\JetBrains\IntelliJ IDEA Community Edition 2019.3.4\lib\idea_rt.jar=57279:C:\Program Files\JetBrains\IntelliJ IDEA Community Edition 2019.3.4\bin -Dfile.encoding=UTF-8 
java_command: main.Main
java_class_path (initial): C:\Users\student1\Desktop\java1pc9e1\target\classes;C:\Users\student1\.m2\repository\mysql\mysql-connector-java\8.0.19\mysql-connector-java-8.0.19.jar;C:\Users\student1\.m2\repository\com\google\protobuf\protobuf-java\3.6.1\protobuf-java-3.6.1.jar
Launcher Type: SUN_STANDARD

[Global flags]
     intx CICompilerCount                          = 3                                         {product} {ergonomic}
     uint ConcGCThreads                            = 1                                         {product} {ergonomic}
     uint G1ConcRefinementThreads                  = 4                                         {product} {ergonomic}
   size_t G1HeapRegionSize                         = 1048576                                   {product} {ergonomic}
    uintx GCDrainStackTargetSize                   = 64                                        {product} {ergonomic}
   size_t InitialHeapSize                          = 134217728                                 {product} {ergonomic}
   size_t MarkStackSize                            = 4194304                                   {product} {ergonomic}
   size_t MaxHeapSize                              = 2134900736                                {product} {ergonomic}
   size_t MaxNewSize                               = 1280311296                                {product} {ergonomic}
   size_t MinHeapDeltaBytes                        = 1048576                                   {product} {ergonomic}
   size_t MinHeapSize                              = 8388608                                   {product} {ergonomic}
    uintx NonNMethodCodeHeapSize                   = 5832780                                {pd product} {ergonomic}
    uintx NonProfiledCodeHeapSize                  = 122912730                              {pd product} {ergonomic}
    uintx ProfiledCodeHeapSize                     = 122912730                              {pd product} {ergonomic}
    uintx ReservedCodeCacheSize                    = 251658240                              {pd product} {ergonomic}
     bool SegmentedCodeCache                       = true                                      {product} {ergonomic}
   size_t SoftMaxHeapSize                          = 2134900736                             {manageable} {ergonomic}
     bool UseCompressedClassPointers               = true                                 {lp64_product} {ergonomic}
     bool UseCompressedOops                        = true                                 {lp64_product} {ergonomic}
     bool UseG1GC                                  = true                                      {product} {ergonomic}
     bool UseLargePagesIndividualAllocation        = false                                  {pd product} {ergonomic}

Logging:
Log output configuration:
 #0: stdout all=warning uptime,level,tags
 #1: stderr all=off uptime,level,tags

Environment Variables:
JAVA_HOME=C:\Program Files\Java\jdk-13.0.2\bin
PATH=C:\Python36-32\Scripts\;C:\Python36-32\;C:\ProgramData\Oracle\Java\javapath;C:\WINDOWS\system32;C:\WINDOWS;C:\WINDOWS\System32\Wbem;C:\WINDOWS\System32\WindowsPowerShell\v1.0\;C:\work\mingw\bin;C:\Program Files\nodejs\;C:\Program Files\Git\cmd;C:\Python27;;C:\WINDOWS\System32\OpenSSH\;C:\Program Files\PuTTY\;C:\Users\student1\AppData\Roaming\npm;C:\Users\student1\AppData\Local\Microsoft\WindowsApps;;C:\Program Files\JetBrains\IntelliJ IDEA Community Edition 2019.3.4\bin;
USERNAME=student
OS=Windows_NT
PROCESSOR_IDENTIFIER=Intel64 Family 6 Model 42 Stepping 7, GenuineIntel



---------------  S Y S T E M  ---------------

OS: Windows 10 , 64 bit Build 18362 (10.0.18362.329)

CPU:total 4 (initial active 4) (2 cores per cpu, 2 threads per core) family 6 model 42 stepping 7, cmov, cx8, fxsr, mmx, sse, sse2, sse3, ssse3, sse4.1, sse4.2, popcnt, avx, aes, clmul, ht, tsc, tscinvbit

Memory: 4k page, system-wide physical 8142M (1956M free)
TotalPageFile size 8142M (AvailPageFile size 12M)
current process WorkingSet (physical memory assigned to process): 63M, peak: 63M
current process commit charge ("private bytes"): 221M, peak: 221M

vm_info: Java HotSpot(TM) 64-Bit Server VM (13.0.2+8) for windows-amd64 JRE (13.0.2+8), built on Dec 11 2019 09:20:33 by "mach5one" with unknown MS VC++:1916

END.
