#
# There is insufficient memory for the Java Runtime Environment to continue.
# Native memory allocation (mmap) failed to map 134217728 bytes for Failed to commit area from 0x0000000080c00000 to 0x0000000088c00000 of length 134217728.
# Possible reasons:
#   The system is out of physical RAM or swap space
#   The process is running with CompressedOops enabled, and the Java Heap may be blocking the growth of the native heap
# Possible solutions:
#   Reduce memory load on the system
#   Increase physical memory or swap space
#   Check if swap backing store is full
#   Decrease Java heap size (-Xmx/-Xms)
#   Decrease number of Java threads
#   Decrease Java thread stack sizes (-Xss)
#   Set larger code cache with -XX:ReservedCodeCacheSize=
# This output file may be truncated or incomplete.
#
#  Out of Memory Error (t:/workspace/open/src/hotspot/os/windows/os_windows.cpp:3301), pid=5228, tid=11828
#
# JRE version:  (13.0.2+8) (build )
# Java VM: Java HotSpot(TM) 64-Bit Server VM (13.0.2+8, mixed mode, aot, sharing, tiered, compressed oops, g1 gc, windows-amd64)
# No core dump will be written. Minidumps are not enabled by default on client versions of Windows
#

---------------  S U M M A R Y ------------

Command Line: -javaagent:C:\Program Files\JetBrains\IntelliJ IDEA Community Edition 2019.3.4\lib\idea_rt.jar=57007:C:\Program Files\JetBrains\IntelliJ IDEA Community Edition 2019.3.4\bin -Dfile.encoding=UTF-8 main.Main

Host: Intel(R) Core(TM) i5-2540M CPU @ 2.60GHz, 4 cores, 7G,  Windows 10 , 64 bit Build 18362 (10.0.18362.329)
Time: Sat May  2 12:29:55 2020 GTB Daylight Time elapsed time: 0 seconds (0d 0h 0m 0s)

---------------  T H R E A D  ---------------

Current thread (0x000001a8ffbeb000):  JavaThread "Unknown thread" [_thread_in_vm, id=11828, stack(0x0000004dce800000,0x0000004dce900000)]

Stack: [0x0000004dce800000,0x0000004dce900000]
Native frames: (J=compiled Java code, j=interpreted, Vv=VM code, C=native code)
V  [jvm.dll+0x624f9a]
V  [jvm.dll+0x770cfa]
V  [jvm.dll+0x7724af]
V  [jvm.dll+0x772ab3]
V  [jvm.dll+0x24bf08]
V  [jvm.dll+0x6222aa]
V  [jvm.dll+0x6170b5]
V  [jvm.dll+0x30a88c]
V  [jvm.dll+0x30a6c2]
V  [jvm.dll+0x30fe36]
V  [jvm.dll+0x353f46]
V  [jvm.dll+0x353720]
V  [jvm.dll+0x2e550a]
V  [jvm.dll+0x2e67a2]
V  [jvm.dll+0x74dd78]
V  [jvm.dll+0x361989]
V  [jvm.dll+0x730e65]
V  [jvm.dll+0x3cc53f]
V  [jvm.dll+0x3ce861]
C  [jli.dll+0x51ff]
C  [ucrtbase.dll+0x20e72]
C  [KERNEL32.DLL+0x17bd4]
C  [ntdll.dll+0x6ced1]


---------------  P R O C E S S  ---------------

Threads class SMR info:
_java_thread_list=0x00007ffc732dccb8, length=0, elements={
}

Java Threads: ( => current thread )

Other Threads:
  0x000001a8ffc2f800 GCTaskThread "GC Thread#0" [stack: 0x0000004dce900000,0x0000004dcea00000] [id=2472]
  0x000001a8ffc41000 ConcurrentGCThread "G1 Main Marker" [stack: 0x0000004dcea00000,0x0000004dceb00000] [id=6312]
  0x000001a8ffc42800 ConcurrentGCThread "G1 Conc#0" [stack: 0x0000004dceb00000,0x0000004dcec00000] [id=11404]

[error occurred during error reporting (printing all threads), id 0xc0000005, EXCEPTION_ACCESS_VIOLATION (0xc0000005) at pc=0x00007ffc72b151d7]

VM state:not at safepoint (not fully initialized)

VM Mutex/Monitor currently owned by a thread:  ([mutex/lock_event])
[0x000001a8ffbe8a40] Heap_lock - owner thread: 0x000001a8ffbeb000

Heap address: 0x0000000080c00000, size: 2036 MB, Compressed Oops mode: Non-zero based: 0x0000000080c00000
Narrow klass base: 0x0000000000000000, Narrow klass shift: 0

GC Heap History (0 events):
No events

Deoptimization events (0 events):
No events

Classes unloaded (0 events):
No events

Classes redefined (0 events):
No events

Internal exceptions (0 events):
No events

Events (8 events):
Event: 0.099 Loaded shared library C:\Program Files\Java\jdk-13.0.2\bin\zip.dll
Event: 0.100 Loaded shared library C:\Program Files\Java\jdk-13.0.2\bin\jimage.dll
Event: 0.102 Loading shared library C:\Program Files\Java\jdk-13.0.2\lib\libjava.base-coop.dll failed, error code 126
Event: 0.102 Loading shared library C:\Program Files\Java\jdk-13.0.2\lib\libjava.logging-coop.dll failed, error code 126
Event: 0.102 Loading shared library C:\Program Files\Java\jdk-13.0.2\lib\libjdk.compiler-coop.dll failed, error code 126
Event: 0.102 Loading shared library C:\Program Files\Java\jdk-13.0.2\lib\libjdk.scripting.nashorn-coop.dll failed, error code 126
Event: 0.102 Loading shared library C:\Program Files\Java\jdk-13.0.2\lib\libjdk.internal.vm.ci-coop.dll failed, error code 126
Event: 0.102 Loading shared library C:\Program Files\Java\jdk-13.0.2\lib\libjdk.internal.vm.compiler-coop.dll failed, error code 126


Dynamic libraries:
0x00007ff6f80c0000 - 0x00007ff6f80cf000 	C:\Program Files\Java\jdk-13.0.2\bin\java.exe
0x00007ffcb8300000 - 0x00007ffcb84f0000 	C:\WINDOWS\SYSTEM32\ntdll.dll
0x00007ffcb7220000 - 0x00007ffcb72d2000 	C:\WINDOWS\System32\KERNEL32.DLL
0x00007ffcb5340000 - 0x00007ffcb55e3000 	C:\WINDOWS\System32\KERNELBASE.dll
0x00007ffcb59c0000 - 0x00007ffcb5aba000 	C:\WINDOWS\System32\ucrtbase.dll
0x00007ffc97760000 - 0x00007ffc97778000 	C:\Program Files\Java\jdk-13.0.2\bin\jli.dll
0x00007ffcb8210000 - 0x00007ffcb82b3000 	C:\WINDOWS\System32\ADVAPI32.dll
0x00007ffcb7e20000 - 0x00007ffcb7ebe000 	C:\WINDOWS\System32\msvcrt.dll
0x00007ffcb6aa0000 - 0x00007ffcb6b37000 	C:\WINDOWS\System32\sechost.dll
0x00007ffcb7f90000 - 0x00007ffcb80b0000 	C:\WINDOWS\System32\RPCRT4.dll
0x00007ffcb6db0000 - 0x00007ffcb6f44000 	C:\WINDOWS\System32\USER32.dll
0x00007ffcb55f0000 - 0x00007ffcb5611000 	C:\WINDOWS\System32\win32u.dll
0x00007ffcb77c0000 - 0x00007ffcb77e6000 	C:\WINDOWS\System32\GDI32.dll
0x00007ffcb5620000 - 0x00007ffcb57b4000 	C:\WINDOWS\System32\gdi32full.dll
0x00007ffcb5ac0000 - 0x00007ffcb5b5e000 	C:\WINDOWS\System32\msvcp_win.dll
0x00007ffc97740000 - 0x00007ffc97755000 	C:\Program Files\Java\jdk-13.0.2\bin\VCRUNTIME140.dll
0x00007ffcab6d0000 - 0x00007ffcab955000 	C:\WINDOWS\WinSxS\amd64_microsoft.windows.common-controls_6595b64144ccf1df_6.0.18362.418_none_e6c6b287130d565d\COMCTL32.dll
0x00007ffcb7870000 - 0x00007ffcb7ba6000 	C:\WINDOWS\System32\combase.dll
0x00007ffcb5b60000 - 0x00007ffcb5be0000 	C:\WINDOWS\System32\bcryptPrimitives.dll
0x00007ffcaca70000 - 0x00007ffcaca7a000 	C:\WINDOWS\SYSTEM32\VERSION.dll
0x00007ffcb7090000 - 0x00007ffcb70be000 	C:\WINDOWS\System32\IMM32.DLL
0x00007ffc83ae0000 - 0x00007ffc83b7b000 	C:\Program Files\Java\jdk-13.0.2\bin\msvcp140.dll
0x00007ffc72820000 - 0x00007ffc7337d000 	C:\Program Files\Java\jdk-13.0.2\bin\server\jvm.dll
0x00007ffcb7ed0000 - 0x00007ffcb7ed8000 	C:\WINDOWS\System32\PSAPI.DLL
0x00007ffcac6e0000 - 0x00007ffcac6e9000 	C:\WINDOWS\SYSTEM32\WSOCK32.dll
0x00007ffcb72e0000 - 0x00007ffcb734f000 	C:\WINDOWS\System32\WS2_32.dll
0x00007ffcb2d30000 - 0x00007ffcb2d54000 	C:\WINDOWS\SYSTEM32\WINMM.dll
0x00007ffcb2d00000 - 0x00007ffcb2d2d000 	C:\WINDOWS\SYSTEM32\WINMMBASE.dll
0x00007ffcb6360000 - 0x00007ffcb63aa000 	C:\WINDOWS\System32\cfgmgr32.dll
0x00007ffcb5270000 - 0x00007ffcb5281000 	C:\WINDOWS\System32\kernel.appcore.dll
0x00007ffc9a210000 - 0x00007ffc9a220000 	C:\Program Files\Java\jdk-13.0.2\bin\verify.dll
0x00007ffca3460000 - 0x00007ffca3654000 	C:\WINDOWS\SYSTEM32\DBGHELP.DLL
0x00007ffca3400000 - 0x00007ffca342a000 	C:\WINDOWS\SYSTEM32\dbgcore.DLL
0x00007ffc95130000 - 0x00007ffc95156000 	C:\Program Files\Java\jdk-13.0.2\bin\java.dll
0x00007ffc97d80000 - 0x00007ffc97d8e000 	C:\Program Files\Java\jdk-13.0.2\bin\instrument.dll
0x00007ffc94f30000 - 0x00007ffc94f47000 	C:\Program Files\Java\jdk-13.0.2\bin\zip.dll
0x00007ffc97df0000 - 0x00007ffc97dfa000 	C:\Program Files\Java\jdk-13.0.2\bin\jimage.dll

dbghelp: loaded successfully - version: 4.0.5 - missing functions: none
symbol engine: initialized successfully - sym options: 0x614 - pdb path: .;C:\Program Files\Java\jdk-13.0.2\bin;C:\WINDOWS\SYSTEM32;C:\WINDOWS\WinSxS\amd64_microsoft.windows.common-controls_6595b64144ccf1df_6.0.18362.418_none_e6c6b287130d565d;C:\Program Files\Java\jdk-13.0.2\bin\server

VM Arguments:
jvm_args: -javaagent:C:\Program Files\JetBrains\IntelliJ IDEA Community Edition 2019.3.4\lib\idea_rt.jar=57007:C:\Program Files\JetBrains\IntelliJ IDEA Community Edition 2019.3.4\bin -Dfile.encoding=UTF-8 
java_command: main.Main
java_class_path (initial): C:\Users\student1\Desktop\java1pc9e1\target\classes;C:\Users\student1\.m2\repository\mysql\mysql-connector-java\8.0.19\mysql-connector-java-8.0.19.jar;C:\Users\student1\.m2\repository\com\google\protobuf\protobuf-java\3.6.1\protobuf-java-3.6.1.jar
Launcher Type: SUN_STANDARD

[Global flags]
     intx CICompilerCount                          = 3                                         {product} {ergonomic}
     uint ConcGCThreads                            = 1                                         {product} {ergonomic}
     uint G1ConcRefinementThreads                  = 4                                         {product} {ergonomic}
   size_t G1HeapRegionSize                         = 1048576                                   {product} {ergonomic}
    uintx GCDrainStackTargetSize                   = 64                                        {product} {ergonomic}
   size_t InitialHeapSize                          = 134217728                                 {product} {ergonomic}
   size_t MarkStackSize                            = 4194304                                   {product} {ergonomic}
   size_t MaxHeapSize                              = 2134900736                                {product} {ergonomic}
   size_t MinHeapDeltaBytes                        = 1048576                                   {product} {ergonomic}
   size_t MinHeapSize                              = 8388608                                   {product} {ergonomic}
    uintx NonNMethodCodeHeapSize                   = 5832780                                {pd product} {ergonomic}
    uintx NonProfiledCodeHeapSize                  = 122912730                              {pd product} {ergonomic}
    uintx ProfiledCodeHeapSize                     = 122912730                              {pd product} {ergonomic}
    uintx ReservedCodeCacheSize                    = 251658240                              {pd product} {ergonomic}
     bool SegmentedCodeCache                       = true                                      {product} {ergonomic}
   size_t SoftMaxHeapSize                          = 2134900736                             {manageable} {ergonomic}
     bool UseCompressedClassPointers               = true                                 {lp64_product} {ergonomic}
     bool UseCompressedOops                        = true                                 {lp64_product} {ergonomic}
     bool UseG1GC                                  = true                                      {product} {ergonomic}
     bool UseLargePagesIndividualAllocation        = false                                  {pd product} {ergonomic}

Logging:
Log output configuration:
 #0: stdout all=warning uptime,level,tags
 #1: stderr all=off uptime,level,tags

Environment Variables:
JAVA_HOME=C:\Program Files\Java\jdk-13.0.2\bin
PATH=C:\Python36-32\Scripts\;C:\Python36-32\;C:\ProgramData\Oracle\Java\javapath;C:\WINDOWS\system32;C:\WINDOWS;C:\WINDOWS\System32\Wbem;C:\WINDOWS\System32\WindowsPowerShell\v1.0\;C:\work\mingw\bin;C:\Program Files\nodejs\;C:\Program Files\Git\cmd;C:\Python27;;C:\WINDOWS\System32\OpenSSH\;C:\Program Files\PuTTY\;C:\Users\student1\AppData\Roaming\npm;C:\Users\student1\AppData\Local\Microsoft\WindowsApps;;C:\Program Files\JetBrains\IntelliJ IDEA Community Edition 2019.3.4\bin;
USERNAME=student
OS=Windows_NT
PROCESSOR_IDENTIFIER=Intel64 Family 6 Model 42 Stepping 7, GenuineIntel



---------------  S Y S T E M  ---------------

OS: Windows 10 , 64 bit Build 18362 (10.0.18362.329)

CPU:total 4 (initial active 4) (2 cores per cpu, 2 threads per core) family 6 model 42 stepping 7, cmov, cx8, fxsr, mmx, sse, sse2, sse3, ssse3, sse4.1, sse4.2, popcnt, avx, aes, clmul, ht, tsc, tscinvbit

Memory: 4k page, system-wide physical 8142M (1714M free)
TotalPageFile size 8142M (AvailPageFile size 101M)
current process WorkingSet (physical memory assigned to process): 10M, peak: 10M
current process commit charge ("private bytes"): 52M, peak: 179M

vm_info: Java HotSpot(TM) 64-Bit Server VM (13.0.2+8) for windows-amd64 JRE (13.0.2+8), built on Dec 11 2019 09:20:33 by "mach5one" with unknown MS VC++:1916

END.
